<?xml version="1.0" encoding="UTF-8"?>
<TestRun id="0d88de0f-763c-4a7a-9101-e9503fd034e0" name="Cloud.chen@PC-082 2013-11-28 15:05:57" runUser="ALLPAY\Cloud.chen" xmlns="http://microsoft.com/schemas/VisualStudio/TeamTest/2010">
  <TestSettings name="預設測試設定" id="850e8abf-db60-4fad-9a5b-e867be101d86">
    <Deployment runDeploymentRoot="Cloud.chen_PC-082 2013-11-28 15_05_57">
      <DeploymentItem filename="C:\Users\Cloud.chen\Desktop\AllPayWebServiceTest\seleniumDLL\net40\WebDriver.Support.dll" />
      <DeploymentItem filename="C:\Users\Cloud.chen\Desktop\AllPayWebServiceTest\seleniumDLL\net40\ThoughtWorks.Selenium.Core.dll" />
      <DeploymentItem filename="C:\Users\Cloud.chen\Desktop\AllPayWebServiceTest\seleniumDLL\net40\Selenium.WebDriverBackedSelenium.dll" />
      <DeploymentItem filename="C:\Users\Cloud.chen\Desktop\AllPayWebServiceTest\AllPayWebServiceTest.Test\packages\Selenium.WebDriver.2.35.0\lib\net40\WebDriver.dll" />
    </Deployment>
    <Execution>
      <TestTypeSpecific />
      <AgentRule name="Execution Agents">
      </AgentRule>
    </Execution>
  </TestSettings>
  <Times creation="2013-11-28T15:05:57.2164258+08:00" queuing="2013-11-28T15:05:59.1396181+08:00" start="2013-11-28T15:05:59.2396281+08:00" finish="2013-11-28T15:06:35.7382776+08:00" />
  <ResultSummary outcome="Error">
    <Counters total="1" executed="1" error="0" failed="0" timeout="0" aborted="1" inconclusive="0" passedButRunAborted="0" notRunnable="0" notExecuted="0" disconnected="0" warning="0" passed="0" completed="0" inProgress="0" pending="0" />
    <RunInfos>
      <RunInfo computerName="PC-082" outcome="Error" timestamp="2013-11-28T15:06:35.7382776+08:00">
        <Text>測試主機處理序在未預期的情況下結束。</Text>
      </RunInfo>
    </RunInfos>
  </ResultSummary>
  <TestDefinitions>
    <UnitTest name="TestMethod1" storage="c:\users\cloud.chen\desktop\allpaywebservicetest\allpaywebservicetest.test\allpaywebservicetest.test\bin\debug\allpaywebservicetest.test.dll" id="d1683ad3-08b5-d1ee-cbf3-6bdebbf2bcdb">
      <Execution id="e30994fc-52b3-4631-920a-24e712acf1f4" />
      <TestMethod codeBase="C:/Users/Cloud.chen/Desktop/AllPayWebServiceTest/AllPayWebServiceTest.Test/AllPayWebServiceTest.Test/bin/Debug/AllPayWebServiceTest.Test.DLL" adapterTypeName="Microsoft.VisualStudio.TestTools.TestTypes.Unit.UnitTestAdapter, Microsoft.VisualStudio.QualityTools.Tips.UnitTest.Adapter, Version=10.0.0.0, Culture=neutral, PublicKeyToken=b03f5f7f11d50a3a" className="AllPayWebServiceTest.Test.UnitTest1, AllPayWebServiceTest.Test, Version=1.0.0.0, Culture=neutral, PublicKeyToken=null" name="TestMethod1" />
    </UnitTest>
  </TestDefinitions>
  <TestLists>
    <TestList name="不在清單中的結果" id="8c84fa94-04c1-424b-9868-57a2d4851a1d" />
    <TestList name="所有載入的結果" id="19431567-8539-422a-85d7-44ee4e166bda" />
  </TestLists>
  <TestEntries>
    <TestEntry testId="d1683ad3-08b5-d1ee-cbf3-6bdebbf2bcdb" executionId="e30994fc-52b3-4631-920a-24e712acf1f4" testListId="8c84fa94-04c1-424b-9868-57a2d4851a1d" />
  </TestEntries>
  <Results>
    <UnitTestResult executionId="e30994fc-52b3-4631-920a-24e712acf1f4" testId="d1683ad3-08b5-d1ee-cbf3-6bdebbf2bcdb" testName="TestMethod1" computerName="PC-082" duration="00:00:36.4066403" startTime="2013-11-28T15:05:59.3316373+08:00" endTime="2013-11-28T15:06:35.7382776+08:00" testType="13cdc9d9-ddb5-4fa4-a97d-d965ccfc6d4b" outcome="Aborted" testListId="8c84fa94-04c1-424b-9868-57a2d4851a1d" relativeResultsDirectory="e30994fc-52b3-4631-920a-24e712acf1f4">
    </UnitTestResult>
  </Results>
</TestRun>